
🔄 POA Bot 서버 관리자 시작
==========================

🐍 Python 버전 확인...
Python 3.10.12

📊 6시간마다 자산조회와 자동매매 서버를 재시작합니다.
로그는 server_manager.log 파일에 저장됩니다.

중단하려면 Ctrl+C를 누르세요.

2025-12-02 18:43:45,781 - INFO - .env 로드 완료: /home/ubuntu/POA-v7_backup_20250721/.env
2025-12-02 18:43:45,781 - INFO - 서버 자동 관리 시작 - 6시간 주기
2025-12-02 18:43:45,781 - INFO - ==================================================
2025-12-02 18:43:45,781 - INFO - 서버 재시작 시작
2025-12-02 18:43:45,781 - INFO - ==================================================
2025-12-02 18:43:45,789 - INFO - .env 로드 완료: /home/ubuntu/POA-v7_backup_20250721/.env
2025-12-02 18:43:45,789 - INFO - 환경 변수 설정 완료 (.env 적용)
2025-12-02 18:43:48,795 - INFO - 자동매매 서버 시작 완료 (PID: 14623)
2025-12-02 18:43:48,795 - INFO - 자동매매 서버 재시작 성공
2025-12-02 18:43:53,877 - INFO - 자산조회 모니터 시작 완료 (PID: 14636)
2025-12-02 18:43:53,878 - INFO - 자산조회 모니터 재시작 성공
2025-12-02 18:43:53,878 - INFO - 서버 재시작 완료
2025-12-02 18:43:53,878 - INFO - ==================================================
